<?xml version="1.0" encoding="UTF-8"?>
<!-- Generated by org.testng.reporters.JUnitReportReporter -->
<testsuite hostname="infotrack115" failures="0" tests="18" name="com.test.automation.TestCases.Login_Page_Test_Cases" time="269.420" errors="0" timestamp="24 Oct 2019 06:19:13 GMT" skipped="0">
  <testcase classname="com.test.automation.TestCases.Login_Page_Test_Cases" name="Login" time="14.101"/>
  <testcase classname="com.test.automation.TestCases.Login_Page_Test_Cases" name="Login" time="13.926"/>
  <testcase classname="com.test.automation.TestCases.Login_Page_Test_Cases" name="Login" time="20.814"/>
  <testcase classname="com.test.automation.TestCases.Login_Page_Test_Cases" name="Login" time="10.845"/>
  <testcase classname="com.test.automation.TestCases.Login_Page_Test_Cases" name="Login" time="10.696"/>
  <testcase classname="com.test.automation.TestCases.Login_Page_Test_Cases" name="Login" time="10.805"/>
  <testcase classname="com.test.automation.TestCases.Login_Page_Test_Cases" name="Login" time="15.419"/>
  <testcase classname="com.test.automation.TestCases.Login_Page_Test_Cases" name="Login" time="18.082"/>
  <testcase classname="com.test.automation.TestCases.Login_Page_Test_Cases" name="Login" time="15.370"/>
  <testcase classname="com.test.automation.TestCases.Login_Page_Test_Cases" name="Login" time="14.896"/>
  <testcase classname="com.test.automation.TestCases.Login_Page_Test_Cases" name="Login" time="11.540"/>
  <testcase classname="com.test.automation.TestCases.Login_Page_Test_Cases" name="Login" time="15.768"/>
  <testcase classname="com.test.automation.TestCases.Login_Page_Test_Cases" name="Login" time="23.435"/>
  <testcase classname="com.test.automation.TestCases.Login_Page_Test_Cases" name="Login" time="21.958"/>
  <testcase classname="com.test.automation.TestCases.Login_Page_Test_Cases" name="Login" time="9.959"/>
  <testcase classname="com.test.automation.TestCases.Login_Page_Test_Cases" name="Login" time="17.094"/>
  <testcase classname="com.test.automation.TestCases.Login_Page_Test_Cases" name="Login" time="15.062"/>
  <testcase classname="com.test.automation.TestCases.Login_Page_Test_Cases" name="Login" time="9.650"/>
</testsuite> <!-- com.test.automation.TestCases.Login_Page_Test_Cases -->
