<?xml version="1.0" encoding="UTF-8"?>
<!-- Generated by org.testng.reporters.JUnitReportReporter -->
<testsuite hostname="infotrack115" failures="0" tests="18" name="com.test.automation.TestCases.Login_Page_Test_Cases" time="282.712" errors="0" timestamp="22 Oct 2019 12:07:18 GMT" skipped="0">
  <testcase classname="com.test.automation.TestCases.Login_Page_Test_Cases" name="Login" time="15.532"/>
  <testcase classname="com.test.automation.TestCases.Login_Page_Test_Cases" name="Login" time="22.368"/>
  <testcase classname="com.test.automation.TestCases.Login_Page_Test_Cases" name="Login" time="9.778"/>
  <testcase classname="com.test.automation.TestCases.Login_Page_Test_Cases" name="Login" time="14.756"/>
  <testcase classname="com.test.automation.TestCases.Login_Page_Test_Cases" name="Login" time="18.853"/>
  <testcase classname="com.test.automation.TestCases.Login_Page_Test_Cases" name="Login" time="11.094"/>
  <testcase classname="com.test.automation.TestCases.Login_Page_Test_Cases" name="Login" time="9.593"/>
  <testcase classname="com.test.automation.TestCases.Login_Page_Test_Cases" name="Login" time="18.224"/>
  <testcase classname="com.test.automation.TestCases.Login_Page_Test_Cases" name="Login" time="16.149"/>
  <testcase classname="com.test.automation.TestCases.Login_Page_Test_Cases" name="Login" time="21.636"/>
  <testcase classname="com.test.automation.TestCases.Login_Page_Test_Cases" name="Login" time="15.722"/>
  <testcase classname="com.test.automation.TestCases.Login_Page_Test_Cases" name="Login" time="15.383"/>
  <testcase classname="com.test.automation.TestCases.Login_Page_Test_Cases" name="Login" time="9.832"/>
  <testcase classname="com.test.automation.TestCases.Login_Page_Test_Cases" name="Login" time="23.786"/>
  <testcase classname="com.test.automation.TestCases.Login_Page_Test_Cases" name="Login" time="17.078"/>
  <testcase classname="com.test.automation.TestCases.Login_Page_Test_Cases" name="Login" time="20.500"/>
  <testcase classname="com.test.automation.TestCases.Login_Page_Test_Cases" name="Login" time="10.891"/>
  <testcase classname="com.test.automation.TestCases.Login_Page_Test_Cases" name="Login" time="11.537"/>
</testsuite> <!-- com.test.automation.TestCases.Login_Page_Test_Cases -->
