<?xml version="1.0" encoding="UTF-8"?>
<!-- Generated by org.testng.reporters.JUnitReportReporter -->
<testsuite hostname="infotrack115" failures="0" tests="18" name="com.test.automation.TestCases.Login_Page_Test_Cases" time="295.046" errors="0" timestamp="22 Oct 2019 09:02:49 GMT" skipped="0">
  <testcase classname="com.test.automation.TestCases.Login_Page_Test_Cases" name="Login" time="17.061"/>
  <testcase classname="com.test.automation.TestCases.Login_Page_Test_Cases" name="Login" time="21.644"/>
  <testcase classname="com.test.automation.TestCases.Login_Page_Test_Cases" name="Login" time="22.436"/>
  <testcase classname="com.test.automation.TestCases.Login_Page_Test_Cases" name="Login" time="21.746"/>
  <testcase classname="com.test.automation.TestCases.Login_Page_Test_Cases" name="Login" time="30.066"/>
  <testcase classname="com.test.automation.TestCases.Login_Page_Test_Cases" name="Login" time="15.293"/>
  <testcase classname="com.test.automation.TestCases.Login_Page_Test_Cases" name="Login" time="10.171"/>
  <testcase classname="com.test.automation.TestCases.Login_Page_Test_Cases" name="Login" time="19.002"/>
  <testcase classname="com.test.automation.TestCases.Login_Page_Test_Cases" name="Login" time="9.931"/>
  <testcase classname="com.test.automation.TestCases.Login_Page_Test_Cases" name="Login" time="16.702"/>
  <testcase classname="com.test.automation.TestCases.Login_Page_Test_Cases" name="Login" time="16.243"/>
  <testcase classname="com.test.automation.TestCases.Login_Page_Test_Cases" name="Login" time="9.433"/>
  <testcase classname="com.test.automation.TestCases.Login_Page_Test_Cases" name="Login" time="14.600"/>
  <testcase classname="com.test.automation.TestCases.Login_Page_Test_Cases" name="Login" time="16.360"/>
  <testcase classname="com.test.automation.TestCases.Login_Page_Test_Cases" name="Login" time="16.145"/>
  <testcase classname="com.test.automation.TestCases.Login_Page_Test_Cases" name="Login" time="9.312"/>
  <testcase classname="com.test.automation.TestCases.Login_Page_Test_Cases" name="Login" time="10.292"/>
  <testcase classname="com.test.automation.TestCases.Login_Page_Test_Cases" name="Login" time="18.609"/>
</testsuite> <!-- com.test.automation.TestCases.Login_Page_Test_Cases -->
