<?xml version="1.0" encoding="UTF-8"?>
<!-- Generated by org.testng.reporters.JUnitReportReporter -->
<testsuite hostname="infotrack115" failures="0" tests="18" name="com.test.automation.TestCases.Login_Page_Test_Cases" time="299.952" errors="0" timestamp="25 Oct 2019 05:58:09 GMT" skipped="0">
  <testcase classname="com.test.automation.TestCases.Login_Page_Test_Cases" name="Login" time="14.376"/>
  <testcase classname="com.test.automation.TestCases.Login_Page_Test_Cases" name="Login" time="16.333"/>
  <testcase classname="com.test.automation.TestCases.Login_Page_Test_Cases" name="Login" time="14.941"/>
  <testcase classname="com.test.automation.TestCases.Login_Page_Test_Cases" name="Login" time="10.126"/>
  <testcase classname="com.test.automation.TestCases.Login_Page_Test_Cases" name="Login" time="15.640"/>
  <testcase classname="com.test.automation.TestCases.Login_Page_Test_Cases" name="Login" time="9.252"/>
  <testcase classname="com.test.automation.TestCases.Login_Page_Test_Cases" name="Login" time="13.842"/>
  <testcase classname="com.test.automation.TestCases.Login_Page_Test_Cases" name="Login" time="15.001"/>
  <testcase classname="com.test.automation.TestCases.Login_Page_Test_Cases" name="Login" time="19.895"/>
  <testcase classname="com.test.automation.TestCases.Login_Page_Test_Cases" name="Login" time="21.923"/>
  <testcase classname="com.test.automation.TestCases.Login_Page_Test_Cases" name="Login" time="9.931"/>
  <testcase classname="com.test.automation.TestCases.Login_Page_Test_Cases" name="Login" time="21.612"/>
  <testcase classname="com.test.automation.TestCases.Login_Page_Test_Cases" name="Login" time="14.991"/>
  <testcase classname="com.test.automation.TestCases.Login_Page_Test_Cases" name="Login" time="9.730"/>
  <testcase classname="com.test.automation.TestCases.Login_Page_Test_Cases" name="Login" time="25.039"/>
  <testcase classname="com.test.automation.TestCases.Login_Page_Test_Cases" name="Login" time="14.216"/>
  <testcase classname="com.test.automation.TestCases.Login_Page_Test_Cases" name="Login" time="31.327"/>
  <testcase classname="com.test.automation.TestCases.Login_Page_Test_Cases" name="Login" time="21.777"/>
</testsuite> <!-- com.test.automation.TestCases.Login_Page_Test_Cases -->
